\BOOKMARK [1][-]{section.1}{introduction}{}% 1
\BOOKMARK [1][-]{section.2}{Background and Study Design}{}% 2
\BOOKMARK [2][-]{subsection.2.1}{Architecture of a Typical Task-Oriented Dialogue System}{section.2}% 3
\BOOKMARK [2][-]{subsection.2.2}{An Overview of Rasa 3.0}{section.2}% 4
\BOOKMARK [2][-]{subsection.2.3}{Study Design}{section.2}% 5
\BOOKMARK [1][-]{section.3}{RQ1: System Complexity Analysis}{}% 6
\BOOKMARK [2][-]{subsection.3.1}{Methodology}{section.3}% 7
\BOOKMARK [2][-]{subsection.3.2}{Results}{section.3}% 8
\BOOKMARK [2][-]{subsection.3.3}{Implications}{section.3}% 9
\BOOKMARK [1][-]{section.4}{RQ2: Interaction Complexity Analysis}{}% 10
\BOOKMARK [2][-]{subsection.4.1}{Methodology}{section.4}% 11
\BOOKMARK [2][-]{subsection.4.2}{Results}{section.4}% 12
\BOOKMARK [2][-]{subsection.4.3}{Implications}{section.4}% 13
\BOOKMARK [1][-]{section.5}{RQ3: Component Complexity Analysis}{}% 14
\BOOKMARK [2][-]{subsection.5.1}{Methodology}{section.5}% 15
\BOOKMARK [2][-]{subsection.5.2}{Results}{section.5}% 16
\BOOKMARK [2][-]{subsection.5.3}{Implications}{section.5}% 17
\BOOKMARK [1][-]{section.6}{RQ4: Testing Practice Analysis}{}% 18
\BOOKMARK [2][-]{subsection.6.1}{Methodology}{section.6}% 19
\BOOKMARK [2][-]{subsection.6.2}{Results}{section.6}% 20
\BOOKMARK [2][-]{subsection.6.3}{Implications}{section.6}% 21
\BOOKMARK [1][-]{section.7}{RQ5: Mutation Testing Analysis}{}% 22
\BOOKMARK [2][-]{subsection.7.1}{Methodology}{section.7}% 23
\BOOKMARK [2][-]{subsection.7.2}{Results}{section.7}% 24
\BOOKMARK [2][-]{subsection.7.3}{Implications}{section.7}% 25
\BOOKMARK [1][-]{section.8}{threats}{}% 26
\BOOKMARK [1][-]{section.9}{Related Work}{}% 27
\BOOKMARK [1][-]{section.10}{conclusion}{}% 28
